<?xml version="1.0" encoding="UTF-8"?>
<!-- Generated by org.testng.reporters.JUnitXMLReporter -->
<testsuite ignored="3" hostname="DESKTOP-FA6R54Q" failures="0" tests="1" name="Login with valid data" time="19.215" errors="0" timestamp="2024-01-02T17:21:03 EET">
  <testcase classname="testcase.TC01_Login" name="loginWithRegisteredUser_P" time="4.189"/>
  <testcase classname="testcase.TC01_Login" name="loginWithValidUsernameAndWrongPassword_N" time="0.0">
    <ignored/>
  </testcase> <!-- loginWithValidUsernameAndWrongPassword_N -->
  <testcase classname="testcase.TC01_Login" name="loginWithInvalidCredentials_N" time="0.0">
    <ignored/>
  </testcase> <!-- loginWithInvalidCredentials_N -->
  <testcase classname="testcase.TC01_Login" name="loginWithValidPasswordAndInvalidMail_N" time="0.0">
    <ignored/>
  </testcase> <!-- loginWithValidPasswordAndInvalidMail_N -->
</testsuite> <!-- Login with valid data -->
