<?xml version="1.0" encoding="UTF-8"?>
<testng-results ignored="0" total="1" passed="1" failed="0" skipped="0">
  <reporter-output>
  </reporter-output>
  <suite started-at="2024-01-03T00:32:13 EET" name="All Test Suite" finished-at="2024-01-03T00:32:13 EET" duration-ms="0">
    <groups>
    </groups>
  </suite> <!-- All Test Suite -->
  <suite started-at="2024-01-03T00:31:49 EET" name="All Test Suite (0)" finished-at="2024-01-03T00:32:12 EET" duration-ms="22683">
    <groups>
    </groups>
    <test started-at="2024-01-03T00:31:49 EET" name="AddNewEmployee" finished-at="2024-01-03T00:32:12 EET" duration-ms="22683">
      <class name="testcase.TC05_AddEmployee">
        <test-method is-config="true" signature="defineSuite()[pri:0, instance:testcase.TC05_AddEmployee@7109b603]" started-at="2024-01-03T00:31:47 EET" name="defineSuite" finished-at="2024-01-03T00:31:49 EET" duration-ms="1694" status="PASS">
          <reporter-output>
          </reporter-output>
        </test-method> <!-- defineSuite -->
        <test-method is-config="true" signature="setupDriver(java.lang.String)[pri:0, instance:testcase.TC05_AddEmployee@7109b603]" started-at="2024-01-03T00:31:49 EET" name="setupDriver" finished-at="2024-01-03T00:31:59 EET" duration-ms="9954" status="PASS">
          <params>
            <param index="0">
              <value>
                <![CDATA[]]>
              </value>
            </param>
          </params>
          <reporter-output>
          </reporter-output>
        </test-method> <!-- setupDriver -->
        <test-method signature="addEmployee()[pri:1, instance:testcase.TC05_AddEmployee@7109b603]" started-at="2024-01-03T00:31:59 EET" name="addEmployee" finished-at="2024-01-03T00:32:10 EET" duration-ms="10857" status="PASS">
          <reporter-output>
          </reporter-output>
        </test-method> <!-- addEmployee -->
        <test-method is-config="true" signature="getResult(org.testng.ITestResult)[pri:0, instance:testcase.TC05_AddEmployee@7109b603]" started-at="2024-01-03T00:32:10 EET" name="getResult" finished-at="2024-01-03T00:32:10 EET" duration-ms="13" status="PASS">
          <params>
            <param index="0">
              <value>
                <![CDATA[[TestResult name=addEmployee status=SUCCESS method=TC05_AddEmployee.addEmployee()[pri:1, instance:testcase.TC05_AddEmployee@7109b603] output={null}]]]>
              </value>
            </param>
          </params>
          <reporter-output>
          </reporter-output>
        </test-method> <!-- getResult -->
        <test-method is-config="true" signature="tearDown()[pri:0, instance:testcase.TC05_AddEmployee@7109b603]" started-at="2024-01-03T00:32:10 EET" name="tearDown" finished-at="2024-01-03T00:32:12 EET" duration-ms="1493" status="PASS">
          <reporter-output>
          </reporter-output>
        </test-method> <!-- tearDown -->
        <test-method is-config="true" signature="endSuite()[pri:0, instance:testcase.TC05_AddEmployee@7109b603]" started-at="2024-01-03T00:32:12 EET" name="endSuite" finished-at="2024-01-03T00:32:13 EET" duration-ms="854" status="PASS">
          <reporter-output>
          </reporter-output>
        </test-method> <!-- endSuite -->
      </class> <!-- testcase.TC05_AddEmployee -->
    </test> <!-- AddNewEmployee -->
  </suite> <!-- All Test Suite (0) -->
</testng-results>
